PHCv2.4.94 released 2026-04-16 works!
Loading system data from WB5.m...
Grid discretizaton complete: 3375 coordinates generated.

[Worker 9/39] Starting NPHC Sweep across 85 coordinates...
Time started: 21:53:25

  [Worker 9 | Progress  10/85] P_G5=0.87 pu | Real:  2 | Feas Total:  0 | ETA: 0.9 min
  [Worker 9 | Progress  20/85] P_G5=0.87 pu | Real:  2 | Feas Total:  0 | ETA: 0.8 min
  [Worker 9 | Progress  30/85] P_G5=0.87 pu | Real:  2 | Feas Total:  0 | ETA: 0.7 min
  [Worker 9 | Progress  40/85] P_G5=0.87 pu | Real:  2 | Feas Total:  0 | ETA: 0.6 min
  [Worker 9 | Progress  50/85] P_G5=0.87 pu | Real:  2 | Feas Total:  0 | ETA: 0.4 min
  [Worker 9 | Progress  58/85] P_G5=0.87 pu | Real:  2 | Feas Total:  1 | ETA: 0.3 min
  [Worker 9 | Progress  59/85] P_G5=0.87 pu | Real:  2 | Feas Total:  2 | ETA: 0.3 min
  [Worker 9 | Progress  60/85] P_G5=0.87 pu | Real:  2 | Feas Total:  3 | ETA: 0.3 min
  [Worker 9 | Progress  70/85] P_G5=0.87 pu | Real:  2 | Feas Total:  3 | ETA: 0.2 min
  [Worker 9 | Progress  72/85] P_G5=0.87 pu | Real:  2 | Feas Total:  4 | ETA: 0.2 min
  [Worker 9 | Progress  73/85] P_G5=0.87 pu | Real:  2 | Feas Total:  5 | ETA: 0.2 min
  [Worker 9 | Progress  74/85] P_G5=0.87 pu | Real:  2 | Feas Total:  6 | ETA: 0.1 min
  [Worker 9 | Progress  75/85] P_G5=0.87 pu | Real:  2 | Feas Total:  7 | ETA: 0.1 min
  [Worker 9 | Progress  80/85] P_G5=0.87 pu | Real:  2 | Feas Total:  7 | ETA: 0.1 min

✔ [Worker 9] Sweep Complete! Found 7 points.
✔ Data saved to: 'wb5_feasible_points_part_9.pkl'
